#
# There is insufficient memory for the Java Runtime Environment to continue.
# Native memory allocation (malloc) failed to allocate 1048576 bytes for AllocateHeap
# Possible reasons:
#   The system is out of physical RAM or swap space
#   The process is running with CompressedOops enabled, and the Java Heap may be blocking the growth of the native heap
# Possible solutions:
#   Reduce memory load on the system
#   Increase physical memory or swap space
#   Check if swap backing store is full
#   Decrease Java heap size (-Xmx/-Xms)
#   Decrease number of Java threads
#   Decrease Java thread stack sizes (-Xss)
#   Set larger code cache with -XX:ReservedCodeCacheSize=
#   JVM is running with Unscaled Compressed Oops mode in which the Java heap is
#     placed in the first 4GB address space. The Java Heap base address is the
#     maximum limit for the native heap growth. Please use -XX:HeapBaseMinAddress
#     to set the Java Heap base and to place the Java Heap above 4GB virtual address.
# This output file may be truncated or incomplete.
#
#  Out of Memory Error (allocation.cpp:44), pid=17244, tid=11192
#
# JRE version:  (17.0.4.1+1) (build )
# Java VM: Java HotSpot(TM) 64-Bit Server VM (17.0.4.1+1-LTS-2, mixed mode, sharing, tiered, compressed oops, compressed class ptrs, g1 gc, windows-amd64)
# No core dump will be written. Minidumps are not enabled by default on client versions of Windows
#

---------------  S U M M A R Y ------------

Command Line: 

Host: Intel(R) Pentium(R) CPU 6405U @ 2.40GHz, 4 cores, 3G,  Windows 11 , 64 bit Build 26100 (10.0.26100.4768)
Time: Tue Oct 21 19:39:56 2025 Malay Peninsula Standard Time elapsed time: 0.093936 seconds (0d 0h 0m 0s)

---------------  T H R E A D  ---------------

Current thread (0x000001f1f3c00b70):  JavaThread "Unknown thread" [_thread_in_vm, id=11192, stack(0x0000003045000000,0x0000003045100000)]

Stack: [0x0000003045000000,0x0000003045100000]
Native frames: (J=compiled Java code, j=interpreted, Vv=VM code, C=native code)
V  [jvm.dll+0x6723ba]
V  [jvm.dll+0x7d1e34]
V  [jvm.dll+0x7d35de]
V  [jvm.dll+0x7d3c43]
V  [jvm.dll+0x243065]
V  [jvm.dll+0xa4b93]
V  [jvm.dll+0x2e1467]
V  [jvm.dll+0x2d932b]
V  [jvm.dll+0x7a3911]
V  [jvm.dll+0x3662c1]
V  [jvm.dll+0x782d7c]
V  [jvm.dll+0x3e8c1f]
V  [jvm.dll+0x3ea6c1]
C  [jli.dll+0x527b]
C  [ucrtbase.dll+0x37b0]
C  [KERNEL32.DLL+0x2e8d7]
C  [ntdll.dll+0x3c34c]


---------------  P R O C E S S  ---------------

Threads class SMR info:
_java_thread_list=0x00007ffd1fbda858, length=0, elements={
}

Java Threads: ( => current thread )

Other Threads:
  0x000001f1f3c3cc10 GCTaskThread "GC Thread#0" [stack: 0x0000003045100000,0x0000003045200000] [id=7476]

[error occurred during error reporting (printing all threads), id 0xc0000005, EXCEPTION_ACCESS_VIOLATION (0xc0000005) at pc=0x00007ffd1f4263b0]

VM state: not at safepoint (not fully initialized)

VM Mutex/Monitor currently owned by a thread:  ([mutex/lock_event])
[0x000001f1f3bfb1a0] Heap_lock - owner thread: 0x000001f1f3c00b70

Heap address: 0x00000000c2800000, size: 984 MB, Compressed Oops mode: 32-bit

CDS archive(s) mapped at: [0x0000000000000000-0x0000000000000000-0x0000000000000000), size 0, SharedBaseAddress: 0x0000000800000000, ArchiveRelocationMode: 0.
Narrow klass base: 0x0000000000000000, Narrow klass shift: 0, Narrow klass range: 0x0

GC Precious Log:
<Empty>

Heap:
 garbage-first heap   total 0K, used 0K [0x00000000c2800000, 0x0000000100000000)
  region size 1024K, 0 young (0K), 0 survivors (0K)

[error occurred during error reporting (printing heap information), id 0xc0000005, EXCEPTION_ACCESS_VIOLATION (0xc0000005) at pc=0x00007ffd1f80b869]

GC Heap History (0 events):
No events

Deoptimization events (0 events):
No events

Classes unloaded (0 events):
No events

Classes redefined (0 events):
No events

Internal exceptions (0 events):
No events

VM Operations (0 events):
No events

Events (1 events):
Event: 0.023 Loaded shared library C:\Program Files\Java\jdk-17.0.4.1\bin\java.dll


Dynamic libraries:
0x00007ff7a2510000 - 0x00007ff7a2520000 	C:\Program Files\Java\jdk-17.0.4.1\bin\java.exe
0x00007ffdede20000 - 0x00007ffdee087000 	C:\WINDOWS\SYSTEM32\ntdll.dll
0x00007ffdec260000 - 0x00007ffdec329000 	C:\WINDOWS\System32\KERNEL32.DLL
0x00007ffdeb0a0000 - 0x00007ffdeb490000 	C:\WINDOWS\System32\KERNELBASE.dll
0x00007ffdeaf50000 - 0x00007ffdeb09b000 	C:\WINDOWS\System32\ucrtbase.dll
0x00007ffdd6cb0000 - 0x00007ffdd6cc8000 	C:\Program Files\Java\jdk-17.0.4.1\bin\jli.dll
0x00007ffdec430000 - 0x00007ffdec4e4000 	C:\WINDOWS\System32\ADVAPI32.dll
0x00007ffdecca0000 - 0x00007ffdecd49000 	C:\WINDOWS\System32\msvcrt.dll
0x00007ffdec600000 - 0x00007ffdec6a6000 	C:\WINDOWS\System32\sechost.dll
0x00007ffdec000000 - 0x00007ffdec118000 	C:\WINDOWS\System32\RPCRT4.dll
0x00007ffdebdb0000 - 0x00007ffdebf75000 	C:\WINDOWS\System32\USER32.dll
0x00007ffdebb80000 - 0x00007ffdebba7000 	C:\WINDOWS\System32\win32u.dll
0x00007ffdd3e60000 - 0x00007ffdd3e7a000 	C:\Program Files\Java\jdk-17.0.4.1\bin\VCRUNTIME140.dll
0x00007ffdecab0000 - 0x00007ffdecadb000 	C:\WINDOWS\System32\GDI32.dll
0x00007ffdd2430000 - 0x00007ffdd26ca000 	C:\WINDOWS\WinSxS\amd64_microsoft.windows.common-controls_6595b64144ccf1df_6.0.26100.4768_none_3e0c112ce331287c\COMCTL32.dll
0x00007ffdeb5e0000 - 0x00007ffdeb718000 	C:\WINDOWS\System32\gdi32full.dll
0x00007ffdeb4a0000 - 0x00007ffdeb543000 	C:\WINDOWS\System32\msvcp_win.dll
0x00007ffddc940000 - 0x00007ffddc94b000 	C:\WINDOWS\SYSTEM32\VERSION.dll
0x00007ffdec120000 - 0x00007ffdec14f000 	C:\WINDOWS\System32\IMM32.DLL
0x00007ffde7a20000 - 0x00007ffde7a2c000 	C:\Program Files\Java\jdk-17.0.4.1\bin\vcruntime140_1.dll
0x00007ffd323d0000 - 0x00007ffd3245d000 	C:\Program Files\Java\jdk-17.0.4.1\bin\msvcp140.dll
0x00007ffd1f140000 - 0x00007ffd1fd02000 	C:\Program Files\Java\jdk-17.0.4.1\bin\server\jvm.dll
0x00007ffdebda0000 - 0x00007ffdebda8000 	C:\WINDOWS\System32\PSAPI.DLL
0x00007ffddbf60000 - 0x00007ffddbf6a000 	C:\WINDOWS\SYSTEM32\WSOCK32.dll
0x00007ffdec3b0000 - 0x00007ffdec424000 	C:\WINDOWS\System32\WS2_32.dll
0x00007ffdd41f0000 - 0x00007ffdd4225000 	C:\WINDOWS\SYSTEM32\WINMM.dll
0x00007ffde9cd0000 - 0x00007ffde9ceb000 	C:\WINDOWS\SYSTEM32\kernel.appcore.dll
0x00007ffddb0d0000 - 0x00007ffddb0da000 	C:\Program Files\Java\jdk-17.0.4.1\bin\jimage.dll
0x00007ffde8130000 - 0x00007ffde8371000 	C:\WINDOWS\SYSTEM32\DBGHELP.DLL
0x00007ffdec720000 - 0x00007ffdecaa5000 	C:\WINDOWS\System32\combase.dll
0x00007ffdec4f0000 - 0x00007ffdec5d0000 	C:\WINDOWS\System32\OLEAUT32.dll
0x00007ffdc8f80000 - 0x00007ffdc8fc3000 	C:\WINDOWS\SYSTEM32\dbgcore.DLL
0x00007ffdeb960000 - 0x00007ffdeb9f9000 	C:\WINDOWS\System32\bcryptPrimitives.dll
0x00007ffd83f40000 - 0x00007ffd83f65000 	C:\Program Files\Java\jdk-17.0.4.1\bin\java.dll

dbghelp: loaded successfully - version: 4.0.5 - missing functions: none
symbol engine: initialized successfully - sym options: 0x614 - pdb path: .;C:\Program Files\Java\jdk-17.0.4.1\bin;C:\WINDOWS\SYSTEM32;C:\WINDOWS\WinSxS\amd64_microsoft.windows.common-controls_6595b64144ccf1df_6.0.26100.4768_none_3e0c112ce331287c;C:\Program Files\Java\jdk-17.0.4.1\bin\server

VM Arguments:
java_command: <unknown>
java_class_path (initial): <not set>
Launcher Type: SUN_STANDARD

[Global flags]
     intx CICompilerCount                          = 3                                         {product} {ergonomic}
     uint ConcGCThreads                            = 1                                         {product} {ergonomic}
     uint G1ConcRefinementThreads                  = 4                                         {product} {ergonomic}
   size_t G1HeapRegionSize                         = 1048576                                   {product} {ergonomic}
    uintx GCDrainStackTargetSize                   = 64                                        {product} {ergonomic}
   size_t InitialHeapSize                          = 65011712                                  {product} {ergonomic}
   size_t MarkStackSize                            = 4194304                                   {product} {ergonomic}
   size_t MaxHeapSize                              = 1031798784                                {product} {ergonomic}
   size_t MinHeapDeltaBytes                        = 1048576                                   {product} {ergonomic}
   size_t MinHeapSize                              = 8388608                                   {product} {ergonomic}
    uintx NonNMethodCodeHeapSize                   = 5832780                                {pd product} {ergonomic}
    uintx NonProfiledCodeHeapSize                  = 122912730                              {pd product} {ergonomic}
    uintx ProfiledCodeHeapSize                     = 122912730                              {pd product} {ergonomic}
    uintx ReservedCodeCacheSize                    = 251658240                              {pd product} {ergonomic}
     bool SegmentedCodeCache                       = true                                      {product} {ergonomic}
   size_t SoftMaxHeapSize                          = 1031798784                             {manageable} {ergonomic}
     bool UseCompressedClassPointers               = true                           {product lp64_product} {ergonomic}
     bool UseCompressedOops                        = true                           {product lp64_product} {ergonomic}
     bool UseG1GC                                  = true                                      {product} {ergonomic}
     bool UseLargePagesIndividualAllocation        = false                                  {pd product} {ergonomic}

Logging:
Log output configuration:
 #0: stdout all=warning uptime,level,tags
 #1: stderr all=off uptime,level,tags

Environment Variables:
PATH=C:\Program Files\Common Files\Oracle\Java\javapath;C:\Windows\system32;C:\Windows;C:\Windows\System32\Wbem;C:\Windows\System32\WindowsPowerShell\v1.0\;C:\Windows\System32\OpenSSH\;C:\Program Files (x86)\NVIDIA Corporation\PhysX\Common;C:\WINDOWS\system32;C:\WINDOWS;C:\WINDOWS\System32\Wbem;C:\WINDOWS\System32\WindowsPowerShell\v1.0\;C:\WINDOWS\System32\OpenSSH\;C:\xampp\php;C:\composer;C:\Program Files\NVIDIA Corporation\NVIDIA NvDLISR;C:\Program Files\nodejs\;C:\WINDOWS\system32;C:\WINDOWS;C:\WINDOWS\System32\Wbem;C:\WINDOWS\System32\WindowsPowerShell\v1.0\;C:\WINDOWS\System32\OpenSSH\;C:\Program Files\Git\cmd;C:\Program Files\MongoDB\Tools\bin;C:\Program Files\MongoDB\Tools\100\bin;C:\Users\Lenovo\AppData\Local\Programs\Python\Python313\Scripts\;C:\Users\Lenovo\AppData\Local\Programs\Python\Python313\;C:\Users\Lenovo\AppData\Local\Programs\Python\Launcher\;C:\Users\Lenovo\AppData\Local\Microsoft\WindowsApps;C:\Users\Lenovo\AppData\Local\JetBrains\Toolbox\scripts;;C:\Users\Lenovo\AppData\Local\Microsoft\WindowsApps;C:\Users\Lenovo\AppData\Roaming\Composer\vendor\bin;C:\Users\Lenovo\AppData\Local\Programs\Windsurf\bin;C:\Users\Lenovo\AppData\Roaming\npm;C:\Users\Lenovo\AppData\Local\Programs\Microsoft VS Code\bin
USERNAME=Lenovo
OS=Windows_NT
PROCESSOR_IDENTIFIER=Intel64 Family 6 Model 142 Stepping 12, GenuineIntel



---------------  S Y S T E M  ---------------

OS:
 Windows 11 , 64 bit Build 26100 (10.0.26100.4768)
OS uptime: 1 days 1:12 hours
Hyper-V role detected

CPU: total 4 (initial active 4) (2 cores per cpu, 2 threads per core) family 6 model 142 stepping 12 microcode 0xea, cx8, cmov, fxsr, ht, mmx, 3dnowpref, sse, sse2, sse3, ssse3, sse4.1, sse4.2, popcnt, lzcnt, tsc, tscinvbit, aes, erms, clmul, clflush, clflushopt, hv

Memory: 4k page, system-wide physical 3930M (250M free)
TotalPageFile size 11790M (AvailPageFile size 3M)
current process WorkingSet (physical memory assigned to process): 12M, peak: 12M
current process commit charge ("private bytes"): 48M, peak: 49M

vm_info: Java HotSpot(TM) 64-Bit Server VM (17.0.4.1+1-LTS-2) for windows-amd64 JRE (17.0.4.1+1-LTS-2), built on Aug 16 2022 18:32:06 by "mach5one" with MS VC++ 16.8 / 16.9 (VS2019)

END.
